22:31:11.913 INFO  io.audita.api.AuditaApplication [||] - Started AuditaApplication in 4.978 seconds (process running for 5.318)
22:31:12.086 WARN  org.hibernate.orm.jdbc.error [||] - HHH000247: ErrorCode: 0, SQLState: 42P01
22:31:12.086 WARN  org.hibernate.orm.jdbc.error [||] - ERROR: relation "user_roles" does not exist
  Position: 389
22:31:12.097 ERROR i.a.i.service.SlaMonitoringService [||] - SLA monitoring failed for tenant ronin-limited
org.postgresql.util.PSQLException: ERROR: relation "user_roles" does not exist
  Position: 389
        at org.postgresql.core.v3.QueryExecutorImpl.receiveErrorResponse(QueryExecutorImpl.java:2875)
        at org.postgresql.core.v3.QueryExecutorImpl.processResults(QueryExecutorImpl.java:2560)
        at org.postgresql.core.v3.QueryExecutorImpl.execute(QueryExecutorImpl.java:429)
        at org.postgresql.jdbc.PgStatement.executeInternal(PgStatement.java:526)
        at org.postgresql.jdbc.PgStatement.execute(PgStatement.java:436)
        at org.postgresql.jdbc.PgPreparedStatement.executeWithFlags(PgPreparedStatement.java:196)
        at org.postgresql.jdbc.PgPreparedStatement.executeQuery(PgPreparedStatement.java:139)
        at com.zaxxer.hikari.pool.ProxyPreparedStatement.executeQuery(ProxyPreparedStatement.java:52)
        at com.zaxxer.hikari.pool.HikariProxyPreparedStatement.executeQuery(HikariProxyPreparedStatement.java)
        at org.hibernate.sql.results.jdbc.internal.DeferredResultSetAccess.executeQuery(DeferredResultSetAccess.java:271)
        ... 98 common frames omitted
Wrapped by: org.hibernate.exception.SQLGrammarException: JDBC exception executing SQL [ERROR: relation "user_roles" does not exist
  Position: 389] [select ue1_0.id,ue1_0.created_at,ue1_0.email,ue1_0.full_name,ue1_0.invited_by,ue1_0.password_hash,r1_0.id,r1_0.created_at,r1_0.description,r1_0.is_system,r1_0.name,r2_0.user_id,r2_1.id,r2_1.created_at,r2_1.description,r2_1.is_system,r2_1.name,p1_0.role_id,p1_1.id,p1_1.code,p1_1.label,ue1_0.status,ue1_0.updated_at from users ue1_0 left join roles r1_0 on r1_0.id=ue1_0.role_id left join user_roles r2_0 on ue1_0.id=r2_0.user_id left join roles r2_1 on r2_1.id=r2_0.role_id left join role_permissions p1_0 on r2_1.id=p1_0.role_id left join permissions p1_1 on p1_1.id=p1_0.permission_id where ue1_0.id=?]
        at org.hibernate.exception.internal.SQLStateConversionDelegate.convert(SQLStateConversionDelegate.java:63)
        at org.hibernate.exception.internal.StandardSQLExceptionConverter.convert(StandardSQLExceptionConverter.java:34)
        at org.hibernate.engine.jdbc.spi.SqlExceptionHelper.convert(SqlExceptionHelper.java:115)
        at org.hibernate.sql.results.jdbc.internal.DeferredResultSetAccess.executeQuery(DeferredResultSetAccess.java:290)
        at org.hibernate.sql.results.jdbc.internal.DeferredResultSetAccess.getResultSet(DeferredResultSetAccess.java:190)
        at org.hibernate.sql.results.jdbc.internal.JdbcValuesResultSetImpl.<init>(JdbcValuesResultSetImpl.java:71)
        at org.hibernate.sql.exec.internal.JdbcSelectExecutorStandardImpl.resolveJdbcValues(JdbcSelectExecutorStandardImpl.java:422)
        at org.hibernate.sql.exec.internal.JdbcSelectExecutorStandardImpl.resolveJdbcValuesSource(JdbcSelectExecutorStandardImpl.java:349)
        at org.hibernate.sql.exec.internal.JdbcSelectExecutorStandardImpl.doExecuteQuery(JdbcSelectExecutorStandardImpl.java:143)
        at org.hibernate.sql.exec.internal.JdbcSelectExecutorStandardImpl.executeQuery(JdbcSelectExecutorStandardImpl.java:100)
        at org.hibernate.sql.exec.spi.JdbcSelectExecutor.executeQuery(JdbcSelectExecutor.java:63)
        at org.hibernate.sql.exec.spi.JdbcSelectExecutor.list(JdbcSelectExecutor.java:137)
        at org.hibernate.loader.ast.internal.SingleIdLoadPlan.load(SingleIdLoadPlan.java:139)
        at org.hibernate.loader.ast.internal.SingleIdLoadPlan.load(SingleIdLoadPlan.java:111)
        at org.hibernate.loader.ast.internal.SingleIdEntityLoaderStandardImpl.load(SingleIdEntityLoaderStandardImpl.java:63)
        at org.hibernate.persister.entity.AbstractEntityPersister.doLoad(AbstractEntityPersister.java:3530)
        at org.hibernate.persister.entity.AbstractEntityPersister.load(AbstractEntityPersister.java:3519)
        at org.hibernate.event.internal.DefaultLoadEventListener.loadFromDatasource(DefaultLoadEventListener.java:576)
        at org.hibernate.event.internal.DefaultLoadEventListener.loadFromCacheOrDatasource(DefaultLoadEventListener.java:550)
        at org.hibernate.event.internal.DefaultLoadEventListener.load(DefaultLoadEventListener.java:534)
        at org.hibernate.event.internal.DefaultLoadEventListener.doLoad(DefaultLoadEventListener.java:520)
        at org.hibernate.event.internal.DefaultLoadEventListener.load(DefaultLoadEventListener.java:186)
        at org.hibernate.event.internal.DefaultLoadEventListener.proxyImplementation(DefaultLoadEventListener.java:372)
        at org.hibernate.event.internal.DefaultLoadEventListener.narrowedProxy(DefaultLoadEventListener.java:365)
        at org.hibernate.event.internal.DefaultLoadEventListener.loadWithRegularProxy(DefaultLoadEventListener.java:259)
        at org.hibernate.event.internal.DefaultLoadEventListener.proxyOrLoad(DefaultLoadEventListener.java:219)
        at org.hibernate.event.internal.DefaultLoadEventListener.doOnLoad(DefaultLoadEventListener.java:96)
        at org.hibernate.event.internal.DefaultLoadEventListener.onLoad(DefaultLoadEventListener.java:55)
        at org.hibernate.event.service.internal.EventListenerGroupImpl.fireEventOnEachListener(EventListenerGroupImpl.java:149)
        at org.hibernate.internal.SessionImpl.fireLoadNoChecks(SessionImpl.java:1294)
        at org.hibernate.internal.SessionImpl.fireLoad(SessionImpl.java:1281)
        at org.hibernate.internal.SessionImpl.load(SessionImpl.java:1264)
        at org.hibernate.loader.internal.IdentifierLoadAccessImpl.doLoad(IdentifierLoadAccessImpl.java:178)
        at org.hibernate.loader.internal.IdentifierLoadAccessImpl.lambda$load$0(IdentifierLoadAccessImpl.java:164)
        at org.hibernate.loader.internal.IdentifierLoadAccessImpl.perform(IdentifierLoadAccessImpl.java:127)
        at org.hibernate.loader.internal.IdentifierLoadAccessImpl.load(IdentifierLoadAccessImpl.java:164)
        at org.hibernate.internal.SessionImpl.find(SessionImpl.java:2189)
        at org.hibernate.internal.SessionImpl.find(SessionImpl.java:2163)
        at java.base/jdk.internal.reflect.DirectMethodHandleAccessor.invoke(Unknown Source)
        at java.base/java.lang.reflect.Method.invoke(Unknown Source)
        at org.springframework.orm.jpa.SharedEntityManagerCreator$SharedEntityHandlerInvocationHandler.invokeMethod(SharedEntityManagerCreator.java:240)
        at org.springframework.orm.jpa.SharedEntityManagerCreator$SharedEntityManagerInvocationHandler.invoke(SharedEntityManagerCreator.java:386)
        at jdk.proxy2/jdk.proxy2.$Proxy168.find(Unknown Source)
        at org.springframework.data.jpa.repository.support.SimpleJpaRepository.findById(SimpleJpaRepository.java:342)
        at java.base/jdk.internal.reflect.DirectMethodHandleAccessor.invoke(Unknown Source)
        at java.base/java.lang.reflect.Method.invoke(Unknown Source)
        at org.springframework.aop.support.AopUtils.invokeJoinpointUsingReflection(AopUtils.java:359)
        at org.springframework.data.repository.core.support.RepositoryMethodInvoker$RepositoryFragmentMethodInvoker.lambda$new$0(RepositoryMethodInvoker.java:278)
        at org.springframework.data.repository.core.support.RepositoryMethodInvoker.doInvoke(RepositoryMethodInvoker.java:169)
        at org.springframework.data.repository.core.support.RepositoryMethodInvoker.invoke(RepositoryMethodInvoker.java:158)
        at org.springframework.data.repository.core.support.RepositoryComposition$RepositoryFragments.invoke(RepositoryComposition.java:545)
        at org.springframework.data.repository.core.support.RepositoryComposition.invoke(RepositoryComposition.java:290)
        at org.springframework.data.repository.core.support.RepositoryFactorySupport$ImplementationMethodExecutionInterceptor.invoke(RepositoryFactorySupport.java:690)
        at org.springframework.aop.framework.ReflectiveMethodInvocation.proceed(ReflectiveMethodInvocation.java:179)
        at org.springframework.data.repository.core.support.QueryExecutorMethodInterceptor.doInvoke(QueryExecutorMethodInterceptor.java:171)
        at org.springframework.data.repository.core.support.QueryExecutorMethodInterceptor.invoke(QueryExecutorMethodInterceptor.java:146)
        at org.springframework.aop.framework.ReflectiveMethodInvocation.proceed(ReflectiveMethodInvocation.java:179)
        at org.springframework.data.projection.DefaultMethodInvokingMethodInterceptor.invoke(DefaultMethodInvokingMethodInterceptor.java:69)
        at org.springframework.aop.framework.ReflectiveMethodInvocation.proceed(ReflectiveMethodInvocation.java:179)
        at org.springframework.transaction.interceptor.TransactionInterceptor$1.proceedWithInvocation(TransactionInterceptor.java:133)
        at org.springframework.transaction.interceptor.TransactionAspectSupport.invokeWithinTransaction(TransactionAspectSupport.java:371)
        at org.springframework.transaction.interceptor.TransactionInterceptor.invoke(TransactionInterceptor.java:130)
        at org.springframework.aop.framework.ReflectiveMethodInvocation.proceed(ReflectiveMethodInvocation.java:179)
        at org.springframework.dao.support.PersistenceExceptionTranslationInterceptor.invoke(PersistenceExceptionTranslationInterceptor.java:135)
        ... 38 common frames omitted
Wrapped by: org.springframework.dao.InvalidDataAccessResourceUsageException: JDBC exception executing SQL [ERROR: relation "user_roles" does not exist
  Position: 389] [select ue1_0.id,ue1_0.created_at,ue1_0.email,ue1_0.full_name,ue1_0.invited_by,ue1_0.password_hash,r1_0.id,r1_0.created_at,r1_0.description,r1_0.is_system,r1_0.name,r2_0.user_id,r2_1.id,r2_1.created_at,r2_1.description,r2_1.is_system,r2_1.name,p1_0.role_id,p1_1.id,p1_1.code,p1_1.label,ue1_0.status,ue1_0.updated_at from users ue1_0 left join roles r1_0 on r1_0.id=ue1_0.role_id left join user_roles r2_0 on ue1_0.id=r2_0.user_id left join roles r2_1 on r2_1.id=r2_0.role_id left join role_permissions p1_0 on r2_1.id=p1_0.role_id left join permissions p1_1 on p1_1.id=p1_0.permission_id where ue1_0.id=?]; SQL [select ue1_0.id,ue1_0.created_at,ue1_0.email,ue1_0.full_name,ue1_0.invited_by,ue1_0.password_hash,r1_0.id,r1_0.created_at,r1_0.description,r1_0.is_system,r1_0.name,r2_0.user_id,r2_1.id,r2_1.created_at,r2_1.description,r2_1.is_system,r2_1.name,p1_0.role_id,p1_1.id,p1_1.code,p1_1.label,ue1_0.status,ue1_0.updated_at from users ue1_0 left join roles r1_0 on r1_0.id=ue1_0.role_id left join user_roles r2_0 on ue1_0.id=r2_0.user_id left join roles r2_1 on r2_1.id=r2_0.role_id left join role_permissions p1_0 on r2_1.id=p1_0.role_id left join permissions p1_1 on p1_1.id=p1_0.permission_id where ue1_0.id=?]
        at org.springframework.orm.jpa.hibernate.HibernateExceptionTranslator.convertHibernateAccessException(HibernateExceptionTranslator.java:156)
        at org.springframework.orm.jpa.hibernate.HibernateExceptionTranslator.convertHibernateAccessException(HibernateExceptionTranslator.java:131)
        at org.springframework.orm.jpa.hibernate.HibernateExceptionTranslator.translateExceptionIfPossible(HibernateExceptionTranslator.java:105)
        at org.springframework.orm.jpa.vendor.HibernateJpaDialect.translateExceptionIfPossible(HibernateJpaDialect.java:223)
        at org.springframework.orm.jpa.AbstractEntityManagerFactoryBean.translateExceptionIfPossible(AbstractEntityManagerFactoryBean.java:576)
        at org.springframework.dao.support.ChainedPersistenceExceptionTranslator.translateExceptionIfPossible(ChainedPersistenceExceptionTranslator.java:61)
        at org.springframework.dao.support.DataAccessUtils.translateIfNecessary(DataAccessUtils.java:346)
        at org.springframework.dao.support.PersistenceExceptionTranslationInterceptor.invoke(PersistenceExceptionTranslationInterceptor.java:157)
        at org.springframework.aop.framework.ReflectiveMethodInvocation.proceed(ReflectiveMethodInvocation.java:179)
        at org.springframework.data.jpa.repository.support.CrudMethodMetadataPostProcessor$CrudMethodMetadataPopulatingMethodInterceptor.invoke(CrudMethodMetadataPostProcessor.java:166)
        at org.springframework.aop.framework.ReflectiveMethodInvocation.proceed(ReflectiveMethodInvocation.java:179)
        at org.springframework.aop.framework.JdkDynamicAopProxy.invoke(JdkDynamicAopProxy.java:222)
        at jdk.proxy2/jdk.proxy2.$Proxy178.findById(Unknown Source)
        at io.audita.infrastructure.service.NotificationService.createAndPush(NotificationService.java:81)
        at java.base/jdk.internal.reflect.DirectMethodHandleAccessor.invoke(Unknown Source)
        at java.base/java.lang.reflect.Method.invoke(Unknown Source)
        at org.springframework.aop.support.AopUtils.invokeJoinpointUsingReflection(AopUtils.java:359)
        at org.springframework.aop.framework.ReflectiveMethodInvocation.invokeJoinpoint(ReflectiveMethodInvocation.java:190)
        at org.springframework.aop.framework.ReflectiveMethodInvocation.proceed(ReflectiveMethodInvocation.java:158)
        at org.springframework.transaction.interceptor.TransactionInterceptor$1.proceedWithInvocation(TransactionInterceptor.java:133)
        at org.springframework.transaction.interceptor.TransactionAspectSupport.invokeWithinTransaction(TransactionAspectSupport.java:371)
        at org.springframework.transaction.interceptor.TransactionInterceptor.invoke(TransactionInterceptor.java:130)
        at org.springframework.aop.framework.ReflectiveMethodInvocation.proceed(ReflectiveMethodInvocation.java:179)
        at org.springframework.aop.framework.CglibAopProxy$DynamicAdvisedInterceptor.intercept(CglibAopProxy.java:719)
        at io.audita.infrastructure.service.NotificationService$$SpringCGLIB$$0.createAndPush(<generated>)
        at io.audita.infrastructure.service.SlaMonitoringService.notifyParticipants(SlaMonitoringService.java:125)
        at io.audita.infrastructure.service.SlaMonitoringService.processBreaches(SlaMonitoringService.java:110)
        at io.audita.infrastructure.service.SlaMonitoringService.lambda$evaluate$0(SlaMonitoringService.java:73)
        at org.springframework.transaction.support.TransactionOperations.lambda$executeWithoutResult$0(TransactionOperations.java:68)
        at org.springframework.transaction.support.TransactionTemplate.execute(TransactionTemplate.java:137)
        at org.springframework.transaction.support.TransactionOperations.executeWithoutResult(TransactionOperations.java:67)
        at io.audita.infrastructure.service.SlaMonitoringService.evaluate(SlaMonitoringService.java:71)
        at java.base/jdk.internal.reflect.DirectMethodHandleAccessor.invoke(Unknown Source)
        at java.base/java.lang.reflect.Method.invoke(Unknown Source)
        at org.springframework.scheduling.support.ScheduledMethodRunnable.runInternal(ScheduledMethodRunnable.java:128)
        at org.springframework.scheduling.support.ScheduledMethodRunnable.lambda$run$1(ScheduledMethodRunnable.java:122)
        at io.micrometer.observation.Observation.observe(Observation.java:569)
        at org.springframework.scheduling.support.ScheduledMethodRunnable.run(ScheduledMethodRunnable.java:122)
        at org.springframework.scheduling.config.Task$OutcomeTrackingRunnable.run(Task.java:88)
        at org.springframework.scheduling.support.DelegatingErrorHandlingRunnable.run(DelegatingErrorHandlingRunnable.java:54)
        at java.base/java.util.concurrent.Executors$RunnableAdapter.call(Unknown Source)
        at java.base/java.util.concurrent.FutureTask.runAndReset(Unknown Source)
        at java.base/java.util.concurrent.ScheduledThreadPoolExecutor$ScheduledFutureTask.run(Unknown Source)
        at java.base/java.util.concurrent.ThreadPoolExecutor.runWorker(Unknown Source)
        at java.base/java.util.concurrent.ThreadPoolExecutor$Worker.run(Unknown Source)
        at java.base/java.lang.Thread.run(Unknown Source)
22:31:21.686 INFO  o.a.c.c.C.[Tomcat].[localhost].[/] [||] - Initializing Spring DispatcherServlet 'dispatcherServlet'